<?xml version="1.0" encoding="UTF-8"?>
<!-- Generated by org.testng.reporters.JUnitReportReporter -->
<testsuite hostname="HP" failures="0" tests="1" name="nimapinfotech.nimapinfotech.com.LoginTest" time="15.903" errors="0" timestamp="2024-07-12T15:00:26 IST" skipped="0">
  <testcase classname="nimapinfotech.nimapinfotech.com.LoginTest" name="loginTest" time="15.903"/>
</testsuite> <!-- nimapinfotech.nimapinfotech.com.LoginTest -->
